2024-10-08 09:59:30,138-[INFO] - Thread-7 (process_request_thread): Connected to 'e15-test' data processing center.
2024-10-08 09:59:30,141-[INFO] - Thread-7 (process_request_thread): Connected to 'e15' data processing center.
2024-10-08 09:59:30,142-[INFO] - Thread-7 (process_request_thread): Connected to 'e15-2' data processing center.
2024-10-08 09:59:30,142-[INFO] - Thread-7 (process_request_thread): Connected to 'n32' data processing center.
2024-10-08 09:59:30,142-[INFO] - Thread-7 (process_request_thread): Connected to 'n32-2' data processing center.
2024-10-08 09:59:30,142-[INFO] - Thread-7 (process_request_thread): Connected to 'k45' data processing center.
2024-10-08 09:59:30,142-[INFO] - Thread-7 (process_request_thread): Closed connection with 'e15-test' data processing center.
2024-10-08 09:59:30,142-[INFO] - Thread-7 (process_request_thread): Closed connection with 'e15' data processing center.
2024-10-08 09:59:30,142-[INFO] - Thread-7 (process_request_thread): Closed connection with 'e15-2' data processing center.
2024-10-08 09:59:30,142-[INFO] - Thread-7 (process_request_thread): Closed connection with 'n32' data processing center.
2024-10-08 09:59:30,143-[INFO] - Thread-7 (process_request_thread): Closed connection with 'n32-2' data processing center.
2024-10-08 09:59:30,143-[INFO] - Thread-7 (process_request_thread): Closed connection with 'k45' data processing center.
2024-10-08 11:08:49,002-[INFO] - Thread-2 (process_request_thread): Connected to 'e15-test' data processing center.
2024-10-08 11:08:49,005-[INFO] - Thread-2 (process_request_thread): Connected to 'e15' data processing center.
2024-10-08 11:08:49,007-[INFO] - Thread-2 (process_request_thread): Connected to 'e15-2' data processing center.
2024-10-08 11:08:49,007-[INFO] - Thread-2 (process_request_thread): Connected to 'n32' data processing center.
2024-10-08 11:08:49,007-[INFO] - Thread-2 (process_request_thread): Connected to 'n32-2' data processing center.
2024-10-08 11:08:49,008-[INFO] - Thread-2 (process_request_thread): Connected to 'k45' data processing center.
2024-10-08 11:08:49,585-[ERROR] - Thread-2 (process_request_thread): Could not create VM 'test_vm_11'. Reason: 'Fault reason is "Operation Failed". Fault detail is "[Cannot add VM. The VM name is already in use, please choose a unique name and try again.]". HTTP response code is 409.'.
2024-10-08 11:08:49,585-[INFO] - Thread-2 (process_request_thread): Closed connection with 'e15-test' data processing center.
2024-10-08 11:08:49,696-[INFO] - Thread-2 (process_request_thread): Closed connection with 'e15' data processing center.
2024-10-08 11:08:49,696-[INFO] - Thread-2 (process_request_thread): Closed connection with 'e15-2' data processing center.
2024-10-08 11:08:49,696-[INFO] - Thread-2 (process_request_thread): Closed connection with 'n32' data processing center.
2024-10-08 11:08:49,696-[INFO] - Thread-2 (process_request_thread): Closed connection with 'n32-2' data processing center.
2024-10-08 11:08:49,697-[INFO] - Thread-2 (process_request_thread): Closed connection with 'k45' data processing center.
